<?xml version="1.0" encoding="UTF-8"?>
<testng-results ignored="0" total="2" passed="2" failed="0" skipped="0">
  <reporter-output>
  </reporter-output>
  <suite started-at="2025-11-03T06:32:50 IST" name="Suite" finished-at="2025-11-03T06:33:49 IST" duration-ms="58821">
    <groups>
    </groups>
    <test started-at="2025-11-03T06:32:50 IST" name="Test on Chrome" finished-at="2025-11-03T06:33:49 IST" duration-ms="58821">
      <class name="com.tfa.vtiger.testscripts.BeseTest">
        <test-method is-config="true" signature="BeforeSuit()[pri:0, instance:com.tfa.vtiger.testscripts.BeseTest@15de0b3c]" started-at="2025-11-03T06:32:50 IST" name="BeforeSuit" finished-at="2025-11-03T06:32:50 IST" duration-ms="408" status="PASS">
          <reporter-output>
          </reporter-output>
        </test-method> <!-- BeforeSuit -->
        <test-method is-config="true" signature="afterSuite()[pri:0, instance:com.tfa.vtiger.testscripts.BeseTest@15de0b3c]" started-at="2025-11-03T06:33:49 IST" name="afterSuite" finished-at="2025-11-03T06:33:50 IST" duration-ms="584" status="PASS">
          <reporter-output>
          </reporter-output>
        </test-method> <!-- afterSuite -->
      </class> <!-- com.tfa.vtiger.testscripts.BeseTest -->
      <class name="com.tfa.vtiger.testscripts.VerifyLeadsTestScripts">
        <test-method is-config="true" signature="beforeMethod(java.lang.String,java.lang.reflect.Method)[pri:0, instance:com.tfa.vtiger.testscripts.VerifyLeadsTestScripts@55fe41ea]" started-at="2025-11-03T06:33:21 IST" name="beforeMethod" finished-at="2025-11-03T06:33:22 IST" duration-ms="1575" status="PASS">
          <params>
            <param index="0">
              <value>
                <![CDATA[Chrome]]>
              </value>
            </param>
            <param index="1">
              <value>
                <![CDATA[public void com.tfa.vtiger.testscripts.VerifyLeadsTestScripts.vt001VerifyLeadCreation()]]>
              </value>
            </param>
          </params>
          <reporter-output>
          </reporter-output>
        </test-method> <!-- beforeMethod -->
        <test-method signature="vt001VerifyLeadCreation()[pri:0, instance:com.tfa.vtiger.testscripts.VerifyLeadsTestScripts@55fe41ea]" started-at="2025-11-03T06:33:22 IST" name="vt001VerifyLeadCreation" finished-at="2025-11-03T06:33:48 IST" duration-ms="26091" status="PASS">
          <reporter-output>
          </reporter-output>
        </test-method> <!-- vt001VerifyLeadCreation -->
        <test-method is-config="true" signature="afterMethod()[pri:0, instance:com.tfa.vtiger.testscripts.VerifyLeadsTestScripts@55fe41ea]" started-at="2025-11-03T06:33:48 IST" name="afterMethod" finished-at="2025-11-03T06:33:49 IST" duration-ms="599" status="PASS">
          <reporter-output>
          </reporter-output>
        </test-method> <!-- afterMethod -->
      </class> <!-- com.tfa.vtiger.testscripts.VerifyLeadsTestScripts -->
      <class name="com.tfa.vtiger.testscripts.VerifyContextTestScripts">
        <test-method is-config="true" signature="beforeMethod(java.lang.String,java.lang.reflect.Method)[pri:0, instance:com.tfa.vtiger.testscripts.VerifyContextTestScripts@1c1bbc4e]" started-at="2025-11-03T06:32:50 IST" name="beforeMethod" finished-at="2025-11-03T06:32:53 IST" duration-ms="2538" status="PASS">
          <params>
            <param index="0">
              <value>
                <![CDATA[Chrome]]>
              </value>
            </param>
            <param index="1">
              <value>
                <![CDATA[public void com.tfa.vtiger.testscripts.VerifyContextTestScripts.vt001VerifyContactCreation()]]>
              </value>
            </param>
          </params>
          <reporter-output>
          </reporter-output>
        </test-method> <!-- beforeMethod -->
        <test-method signature="vt001VerifyContactCreation()[pri:0, instance:com.tfa.vtiger.testscripts.VerifyContextTestScripts@1c1bbc4e]" started-at="2025-11-03T06:32:53 IST" name="vt001VerifyContactCreation" finished-at="2025-11-03T06:33:20 IST" duration-ms="27186" status="PASS">
          <reporter-output>
          </reporter-output>
        </test-method> <!-- vt001VerifyContactCreation -->
        <test-method is-config="true" signature="afterMethod()[pri:0, instance:com.tfa.vtiger.testscripts.VerifyContextTestScripts@1c1bbc4e]" started-at="2025-11-03T06:33:20 IST" name="afterMethod" finished-at="2025-11-03T06:33:21 IST" duration-ms="759" status="PASS">
          <reporter-output>
          </reporter-output>
        </test-method> <!-- afterMethod -->
      </class> <!-- com.tfa.vtiger.testscripts.VerifyContextTestScripts -->
    </test> <!-- Test on Chrome -->
  </suite> <!-- Suite -->
</testng-results>
