<?xml version="1.0" encoding="UTF-8"?>
<!-- Generated by org.testng.reporters.JUnitReportReporter -->
<testsuite hostname="uday" failures="0" tests="9" name="com.tfa.vtiger.testscripts.PracticesTestNg" time="0.068" errors="0" timestamp="2025-10-13T14:13:15 IST" skipped="0">
  <testcase classname="com.tfa.vtiger.testscripts.PracticesTestNg" name="quit" time="0.004"/>
  <testcase classname="com.tfa.vtiger.testscripts.PracticesTestNg" name="open" time="0.003"/>
  <testcase classname="com.tfa.vtiger.testscripts.PracticesTestNg" name="lead" time="0.019"/>
  <testcase classname="com.tfa.vtiger.testscripts.PracticesTestNg" name="open" time="0.004"/>
  <testcase classname="com.tfa.vtiger.testscripts.PracticesTestNg" name="open" time="0.005"/>
  <testcase classname="com.tfa.vtiger.testscripts.PracticesTestNg" name="open" time="0.003"/>
  <testcase classname="com.tfa.vtiger.testscripts.PracticesTestNg" name="launchBrowser" time="0.003"/>
  <testcase classname="com.tfa.vtiger.testscripts.PracticesTestNg" name="openApplication" time="0.004"/>
  <testcase classname="com.tfa.vtiger.testscripts.PracticesTestNg" name="Close" time="0.023"/>
</testsuite> <!-- com.tfa.vtiger.testscripts.PracticesTestNg -->
