<?xml version="1.0" encoding="UTF-8"?>
<!-- Generated by org.testng.reporters.JUnitReportReporter -->
<testsuite hostname="uday" failures="0" tests="1" name="com.tfa.vtiger.testscripts.BeseTest" time="-1760594048.000" errors="1" timestamp="2025-10-16T11:25:21 IST" skipped="0">
  <testcase classname="com.tfa.vtiger.testscripts.BeseTest" name="beforeSuit" time="-1760594048.000">
    <error message="
Native Injection is NOT supported for @BeforeSuite annotated beforeSuit.
For more information on native dependency injection please refer to https://testng.org/#_dependency_injection" type="org.testng.TestNGException">
      <![CDATA[org.testng.TestNGException: 
Native Injection is NOT supported for @BeforeSuite annotated beforeSuit.
For more information on native dependency injection please refer to https://testng.org/#_dependency_injection
at org.testng.internal.Parameters.checkParameterTypes(Parameters.java:442)
at org.testng.internal.Parameters.createParametersForMethod(Parameters.java:347)
at org.testng.internal.Parameters.createParameters(Parameters.java:699)
at org.testng.internal.Parameters.createConfigurationParameters(Parameters.java:163)
at org.testng.internal.invokers.ConfigInvoker.invokeConfigurations(ConfigInvoker.java:313)
at org.testng.SuiteRunner.privateRun(SuiteRunner.java:358)
at org.testng.SuiteRunner.run(SuiteRunner.java:312)
at org.testng.SuiteRunnerWorker.runSuite(SuiteRunnerWorker.java:52)
at org.testng.SuiteRunnerWorker.run(SuiteRunnerWorker.java:95)
at org.testng.TestNG.runSuitesSequentially(TestNG.java:1274)
at org.testng.TestNG.runSuitesLocally(TestNG.java:1208)
at org.testng.TestNG.runSuites(TestNG.java:1112)
at org.testng.TestNG.run(TestNG.java:1079)
at org.testng.remote.AbstractRemoteTestNG.run(AbstractRemoteTestNG.java:115)
at org.testng.remote.RemoteTestNG.initAndRun(RemoteTestNG.java:293)
at org.testng.remote.RemoteTestNG.main(RemoteTestNG.java:91)
]]>
    </error>
  </testcase> <!-- beforeSuit -->
</testsuite> <!-- com.tfa.vtiger.testscripts.BeseTest -->
