<?xml version="1.0" encoding="UTF-8"?>
<!-- Generated by org.testng.reporters.JUnitReportReporter -->
<testsuite hostname="uday" failures="0" tests="4" name="com.tfa.vtiger.runner.Testng" time="0.025" errors="0" timestamp="2025-10-10T11:55:44 IST" skipped="0">
  <testcase classname="com.tfa.vtiger.runner.Testng" name="browserLaunch" time="0.017"/>
  <testcase classname="com.tfa.vtiger.runner.Testng" name="openUrl" time="0.001"/>
  <testcase classname="com.tfa.vtiger.runner.Testng" name="creatLead" time="0.004"/>
  <testcase classname="com.tfa.vtiger.runner.Testng" name="close" time="0.003"/>
</testsuite> <!-- com.tfa.vtiger.runner.Testng -->
