<?xml version="1.0" encoding="UTF-8"?>
<!-- Generated by org.testng.reporters.JUnitXMLReporter -->
<testsuite ignored="1" hostname="uday" failures="0" tests="1" name="Test on Edge" time="0.27" errors="0" timestamp="2025-10-28T11:55:05 IST">
  <testcase classname="com.tfa.vtiger.testscripts.VerifyLeadsTestScripts" name="vt001VerifyLeadCreation" time="0.0">
    <skipped/>
  </testcase> <!-- vt001VerifyLeadCreation -->
  <testcase classname="com.tfa.vtiger.testscripts.BeseTest" name="@BeforeSuite BeforeSuit" time="0.0">
    <ignored/>
  </testcase> <!-- @BeforeSuite BeforeSuit -->
</testsuite> <!-- Test on Edge -->
