<?xml version="1.0" encoding="UTF-8"?>
<!-- Generated by org.testng.reporters.JUnitXMLReporter -->
<testsuite ignored="0" hostname="uday" failures="0" tests="1" name="Test on Firfox" time="0.156" errors="0" timestamp="2025-10-16T21:34:22 IST">
  <testcase classname="com.tfa.vtiger.testscripts.BeseTest" name="@BeforeMethod beforeTestCase" time="0.031">
    <failure type="java.lang.IllegalArgumentException" message="Unsuported browser:firfox">
      <![CDATA[java.lang.IllegalArgumentException: Unsuported browser:firfox
at org.tfa.vtiger.utils.WebUtil.launchBrowser(WebUtil.java:59)
at com.tfa.vtiger.testscripts.BeseTest.beforeTestCase(BeseTest.java:27)
at java.base/java.util.ArrayList.forEach(ArrayList.java:1596)
... Removed 29 stack frames]]>
    </failure>
  </testcase> <!-- @BeforeMethod beforeTestCase -->
  <testcase classname="com.tfa.vtiger.testscripts.BeseTest" name="@AfterMethod afterTestCase" time="0.0">
    <skipped/>
  </testcase> <!-- @AfterMethod afterTestCase -->
  <testcase classname="com.tfa.vtiger.testscripts.VerifyLeadsTestScripts" name="vt001VerifyLeadCreation" time="0.0">
    <skipped/>
  </testcase> <!-- vt001VerifyLeadCreation -->
</testsuite> <!-- Test on Firfox -->
