<?xml version="1.0" encoding="UTF-8"?>
<!-- Generated by org.testng.reporters.JUnitXMLReporter -->
<testsuite ignored="0" hostname="uday" failures="1" tests="14" name="Test" time="102.574" errors="0" timestamp="2025-10-10T11:55:44 IST">
  <testcase classname="com.tfa.vtiger.runner.Testng" name="browserLaunch" time="0.017"/>
  <testcase classname="com.tfa.vtiger.runner.Testng" name="openUrl" time="0.001"/>
  <testcase classname="com.tfa.vtiger.runner.Testng" name="creatLead" time="0.004"/>
  <testcase classname="com.tfa.vtiger.runner.Testng" name="close" time="0.003"/>
  <testcase classname="com.tfa.vtiger.testscripts.VerifyLeadsTestScripts" name="vt001VerifyLeadCreation" time="102.308">
    <failure type="java.lang.RuntimeException" message="JavaScript sendKeys failed for XPath: ">
      <![CDATA[java.lang.RuntimeException: JavaScript sendKeys failed for XPath: 
at org.tfa.vtiger.utils.WebUtil.jsSendKeys(WebUtil.java:202)
at org.tfa.vtiger.utils.WebUtil.sendKeys(WebUtil.java:161)
at com.tfa.vtiger.loginpage.CreatLeadPage.numOfImply(CreatLeadPage.java:129)
at com.tfa.vtiger.testscripts.VerifyLeadsTestScripts.vt001VerifyLeadCreation(VerifyLeadsTestScripts.java:37)
at java.base/java.util.ArrayList.forEach(ArrayList.java:1596)
Caused by: org.openqa.selenium.NoSuchElementException: no such element: Unable to locate element: {"method":"xpath","selector":"//input[@name='numberofemployees']"}
  (Session info: chrome=141.0.7390.67)
For documentation on this error, please visit: https://www.selenium.dev/documentation/webdriver/troubleshooting/errors#no-such-element-exception
Build info: version: '4.35.0', revision: '1c58e5028b'
System info: os.name: 'Windows 11', os.arch: 'amd64', os.version: '10.0', java.version: '21.0.5'
Driver info: org.openqa.selenium.chrome.ChromeDriver
Command: [595c4621a67daf795a8683d8ceca6169, findElement {using=xpath, value=//input[@name='numberofemployees']}]
Capabilities {acceptInsecureCerts: false, browserName: chrome, browserVersion: 141.0.7390.67, chrome: {chromedriverVersion: 141.0.7390.76 (d6fcfbb51aac..., userDataDir: C:\Users\udayraj\AppData\Lo...}, fedcm:accounts: true, goog:chromeOptions: {debuggerAddress: localhost:54726}, networkConnectionEnabled: false, pageLoadStrategy: normal, platformName: windows, proxy: Proxy(), se:cdp: ws://localhost:54726/devtoo..., se:cdpVersion: 141.0.7390.67, setWindowRect: true, strictFileInteractability: false, timeouts: {implicit: 0, pageLoad: 300000, script: 30000}, unhandledPromptBehavior: dismiss and notify, webauthn:extension:credBlob: true, webauthn:extension:largeBlob: true, webauthn:extension:minPinLength: true, webauthn:extension:prf: true, webauthn:virtualAuthenticators: true}
Session ID: 595c4621a67daf795a8683d8ceca6169
at org.openqa.selenium.remote.ErrorCodec.decode(ErrorCodec.java:167)
at org.openqa.selenium.remote.codec.w3c.W3CHttpResponseCodec.decode(W3CHttpResponseCodec.java:138)
at org.openqa.selenium.remote.codec.w3c.W3CHttpResponseCodec.decode(W3CHttpResponseCodec.java:50)
at org.openqa.selenium.remote.HttpCommandExecutor.execute(HttpCommandExecutor.java:215)
at org.openqa.selenium.remote.service.DriverCommandExecutor.invokeExecute(DriverCommandExecutor.java:216)
at org.openqa.selenium.remote.service.DriverCommandExecutor.execute(DriverCommandExecutor.java:174)
at org.openqa.selenium.remote.RemoteWebDriver.execute(RemoteWebDriver.java:557)
at org.openqa.selenium.remote.ElementLocation$ElementFinder$2.findElement(ElementLocation.java:165)
at org.openqa.selenium.remote.ElementLocation.findElement(ElementLocation.java:59)
at org.openqa.selenium.remote.RemoteWebDriver.findElement(RemoteWebDriver.java:380)
at org.openqa.selenium.remote.RemoteWebDriver.findElement(RemoteWebDriver.java:374)
at org.openqa.selenium.support.pagefactory.DefaultElementLocator.findElement(DefaultElementLocator.java:68)
at org.openqa.selenium.support.pagefactory.internal.LocatingElementHandler.invoke(LocatingElementHandler.java:38)
at jdk.proxy2/jdk.proxy2.$Proxy11.getWrappedElement(Unknown Source)
at org.openqa.selenium.remote.WebElementToJsonConverter.apply(WebElementToJsonConverter.java:48)
at java.base/java.util.stream.ReferencePipeline$3$1.accept(ReferencePipeline.java:197)
at java.base/java.util.Spliterators$ArraySpliterator.forEachRemaining(Spliterators.java:1024)
at java.base/java.util.stream.AbstractPipeline.copyInto(AbstractPipeline.java:509)
at java.base/java.util.stream.AbstractPipeline.wrapAndCopyInto(AbstractPipeline.java:499)
at java.base/java.util.stream.ReduceOps$ReduceOp.evaluateSequential(ReduceOps.java:921)
at java.base/java.util.stream.AbstractPipeline.evaluate(AbstractPipeline.java:234)
at java.base/java.util.stream.ReferencePipeline.collect(ReferencePipeline.java:682)
at org.openqa.selenium.remote.RemoteWebDriver.executeScript(RemoteWebDriver.java:486)
at org.tfa.vtiger.utils.WebUtil.jsSendKeys(WebUtil.java:194)
... 29 more
... Removed 28 stack frames]]>
    </failure>
  </testcase> <!-- vt001VerifyLeadCreation -->
  <testcase classname="com.tfa.vtiger.testscripts.PracticesTestNg" name="lead" time="0.003"/>
  <testcase classname="com.tfa.vtiger.testscripts.PracticesTestNg" name="open" time="0.003"/>
  <testcase classname="com.tfa.vtiger.testscripts.PracticesTestNg" name="open" time="0.003"/>
  <testcase classname="com.tfa.vtiger.testscripts.PracticesTestNg" name="open" time="0.003"/>
  <testcase classname="com.tfa.vtiger.testscripts.PracticesTestNg" name="open" time="0.003"/>
  <testcase classname="com.tfa.vtiger.testscripts.PracticesTestNg" name="quit" time="0.003"/>
  <testcase classname="com.tfa.vtiger.testscripts.PracticesTestNg" name="launchBrowser" time="0.004"/>
  <testcase classname="com.tfa.vtiger.testscripts.PracticesTestNg" name="openApplication" time="0.003"/>
  <testcase classname="com.tfa.vtiger.testscripts.PracticesTestNg" name="Close" time="0.004"/>
</testsuite> <!-- Test -->
