<?xml version="1.0" encoding="UTF-8"?>
<!-- Generated by org.testng.reporters.JUnitXMLReporter -->
<testsuite ignored="0" hostname="uday" failures="0" tests="1" name="Test on Firefox" time="0.297" errors="0" timestamp="2025-10-20T21:53:08 IST">
  <testcase classname="com.tfa.vtiger.testscripts.BeseTest" name="@BeforeMethod afterTestCase" time="0.038">
    <failure type="java.lang.NullPointerException" message="Cannot invoke &amp;quot;org.tfa.vtiger.utils.WebUtil.browserClose()&amp;quot; because &amp;quot;this.webUtil&amp;quot; is null">
      <![CDATA[java.lang.NullPointerException: Cannot invoke "org.tfa.vtiger.utils.WebUtil.browserClose()" because "this.webUtil" is null
at com.tfa.vtiger.testscripts.BeseTest.afterTestCase(BeseTest.java:35)
at java.base/java.util.ArrayList.forEach(ArrayList.java:1596)
... Removed 29 stack frames]]>
    </failure>
  </testcase> <!-- @BeforeMethod afterTestCase -->
  <testcase classname="com.tfa.vtiger.testscripts.BeseTest" name="@AfterMethod afterTestCase" time="0.0">
    <skipped/>
  </testcase> <!-- @AfterMethod afterTestCase -->
  <testcase classname="com.tfa.vtiger.testscripts.VerifyLeadsTestScripts" name="vt001VerifyLeadCreation" time="0.0">
    <skipped/>
  </testcase> <!-- vt001VerifyLeadCreation -->
</testsuite> <!-- Test on Firefox -->
