<?xml version="1.0" encoding="UTF-8"?>
<!-- Generated by org.testng.reporters.JUnitXMLReporter -->
<testsuite ignored="4" hostname="uday" failures="0" tests="2" name="Test on Chrome" time="58.821" errors="0" timestamp="2025-11-03T06:33:49 IST">
  <testcase classname="com.tfa.vtiger.testscripts.VerifyContextTestScripts" name="vt001VerifyContactCreation" time="27.186"/>
  <testcase classname="com.tfa.vtiger.testscripts.VerifyLeadsTestScripts" name="vt001VerifyLeadCreation" time="26.091"/>
  <testcase classname="com.tfa.vtiger.testscripts.BeseTest" name="@AfterSuite afterSuite" time="0.0">
    <ignored/>
  </testcase> <!-- @AfterSuite afterSuite -->
  <testcase classname="com.tfa.vtiger.testscripts.BeseTest" name="@BeforeSuite BeforeSuit" time="0.0">
    <ignored/>
  </testcase> <!-- @BeforeSuite BeforeSuit -->
  <testcase classname="com.tfa.vtiger.testscripts.BeseTest" name="@BeforeSuite BeforeSuit" time="0.0">
    <ignored/>
  </testcase> <!-- @BeforeSuite BeforeSuit -->
  <testcase classname="com.tfa.vtiger.testscripts.BeseTest" name="@AfterSuite afterSuite" time="0.0">
    <ignored/>
  </testcase> <!-- @AfterSuite afterSuite -->
</testsuite> <!-- Test on Chrome -->
